✅ Apple Foundation Model integration INITIALIZED with Serialized Actor access.
[ NOTICE ] Server started on http://127.0.0.1:57940
[ INFO ] GET / [request-id: 7110D75B-A0B3-4217-84A9-E7C7BC5C3225]
[ INFO ] POST /v1/chat/completions [request-id: 6D49F4D5-948F-44BF-BF73-9633B840B686]
ChatController: Received POST /v1/chat/completions
ModelRunner: Incoming request (634 chars)...
ModelRunner: Starting generation...
[ INFO ] POST /v1/chat/completions [request-id: 390E31AD-FA41-4202-ABF7-5FFE9F24118F]
ChatController: Received POST /v1/chat/completions
ModelRunner: Incoming request (634 chars)...
ModelRunner: Session busy, waiting...
ModelRunner: Session busy, waiting...
ModelRunner: Session busy, waiting...
ModelRunner: Generation complete. Output size: 1217 chars
ModelRunner: Starting generation...
[ INFO ] POST /v1/chat/completions [request-id: 141274B0-73E8-468A-B66E-FF2CCAD7307B]
ChatController: Received POST /v1/chat/completions
ModelRunner: Incoming request (634 chars)...
ModelRunner: Session busy, waiting...
ModelRunner: Session busy, waiting...
ModelRunner: Session busy, waiting...
ModelRunner: Generation complete. Output size: 1217 chars
ModelRunner: Starting generation...
ModelRunner: Generation complete. Output size: 1217 chars
[ INFO ] POST /v1/chat/completions [request-id: 2C3D1B33-FEAB-49DD-BDEF-27DAFD975027]
ChatController: Received POST /v1/chat/completions
ModelRunner: Incoming request (628 chars)...
ModelRunner: Starting generation...
ModelRunner: Generation complete. Output size: 172 chars
[ INFO ] POST /v1/chat/completions [request-id: 8B461787-9253-482D-A700-B144B5A49924]
ChatController: Received POST /v1/chat/completions
ModelRunner: Incoming request (628 chars)...
ModelRunner: Starting generation...
ModelRunner: Generation complete. Output size: 155 chars
